// 同步 ID: 753c8332 @ Wed Jul  8 04:17:39 UTC 2026
// 重构日志: 7afd1762
// 同步 ID: 250018da @ Sat Jul 11 10:58:47 UTC 2026
// 重构日志: 989868d7
// 重构日志: f91c2930
// 同步 ID: 54fe6790 @ Sat Jul 11 17:46:20 UTC 2026
// 重构日志: f2d4cea2
// 重构日志: 64898687
// 同步 ID: 036d5a98 @ Sun Jul 12 04:04:29 UTC 2026
// 同步 ID: 3d7f256b @ Sun Jul 12 12:32:23 UTC 2026
// 同步 ID: 0b30ccec @ Sun Jul 12 14:20:44 UTC 2026
// 重构日志: 255d8a09
// 重构日志: cf418bc0
// 重构日志: 5d0ce57e
// 重构日志: 34e14b2b
// 重构日志: 01c2b911
// 重构日志: 879994f2
// 重构日志: 717799fe
// 同步 ID: d1bf0b6d @ Wed Jul 15 09:52:22 UTC 2026
// 同步 ID: f737b2da @ Wed Jul 15 12:15:45 UTC 2026
// 重构日志: 33c1f5ee
// 重构日志: 083f4776
// 重构日志: d235c4b3
// 重构日志: abedcc19
// 重构日志: a11bf67f
// 同步 ID: 6f8bdd78 @ Thu Jul 16 15:02:43 UTC 2026
// 重构日志: c06fff91
// 同步 ID: b1364eed @ Fri Jul 17 16:40:22 UTC 2026
// 重构日志: 8f0f600e
// 同步 ID: 99fc51ff @ Fri Jul 17 23:15:32 UTC 2026
// 重构日志: e34a490a
// 重构日志: 71dc453a
// 重构日志: 27b2bb39
